This file contains any messages produced by compilers while
running configure, to aid debugging if configure makes a mistake.

It was created by MDPSim configure 1.1, which was
generated by GNU Autoconf 2.57.  Invocation command line was

  $ ./configure 

## --------- ##
## Platform. ##
## --------- ##

hostname = DESKTOP-PDLRGJJ
uname -m = x86_64
uname -r = 4.4.0-18362-Microsoft
uname -s = Linux
uname -v = #476-Microsoft Fri Nov 01 16:53:00 PST 2019

/usr/bin/uname -p = unknown
/bin/uname -X     = unknown

/bin/arch              = unknown
/usr/bin/arch -k       = unknown
/usr/convex/getsysinfo = unknown
hostinfo               = unknown
/bin/machine           = unknown
/usr/bin/oslevel       = unknown
/bin/universe          = unknown

PATH: /usr/local/sbin
PATH: /usr/local/bin
PATH: /usr/sbin
PATH: /usr/bin
PATH: /sbin
PATH: /bin
PATH: /usr/games
PATH: /usr/local/games
PATH: /mnt/c/Program Files (x86)/Common Files/Oracle/Java/javapath
PATH: /mnt/c/WINDOWS/system32
PATH: /mnt/c/WINDOWS
PATH: /mnt/c/WINDOWS/System32/Wbem
PATH: /mnt/c/WINDOWS/System32/WindowsPowerShell/v1.0/
PATH: /mnt/c/Program Files (x86)/ATI Technologies/ATI.ACE/Core-Static
PATH: /mnt/c/WINDOWS/System32/OpenSSH/
PATH: /mnt/c/Program Files/Git/cmd
PATH: /mnt/c/Program Files/MiKTeX 2.9/miktex/bin/x64/
PATH: /mnt/c/Program Files/ffmpeg/bin
PATH: /mnt/c/Users/steve/Anaconda3
PATH: /mnt/c/Users/steve/Anaconda3/scripts
PATH: /mnt/c/Program Files (x86)/PDFtk/bin/
PATH: /mnt/c/Program Files (x86)/ZeroTier/One/
PATH: /mnt/c/Ruby26-x64/bin
PATH: /mnt/c/Program Files/MySQL/MySQL Shell 8.0/bin/
PATH: /mnt/c/Users/steve/AppData/Local/Microsoft/WindowsApps
PATH: /mnt/c/Users/steve/AppData/Roaming/Python/Python37/Scripts
PATH: /snap/bin


## ----------- ##
## Core tests. ##
## ----------- ##

configure:1334: checking for a BSD-compatible install
configure:1388: result: /usr/bin/install -c
configure:1399: checking whether build environment is sane
configure:1442: result: yes
configure:1475: checking for gawk
configure:1491: found /usr/bin/gawk
configure:1501: result: gawk
configure:1511: checking whether make sets $(MAKE)
configure:1531: result: yes
configure:1740: checking for g++
configure:1756: found /usr/bin/g++
configure:1766: result: g++
configure:1782: checking for C++ compiler version
configure:1785: g++ --version </dev/null >&5
g++ (Ubuntu 7.5.0-3ubuntu1~18.04) 7.5.0
Copyright (C) 2017 Free Software Foundation, Inc.
This is free software; see the source for copying conditions.  There is NO
warranty; not even for MERCHANTABILITY or FITNESS FOR A PARTICULAR PURPOSE.

configure:1788: $? = 0
configure:1790: g++ -v </dev/null >&5
Using built-in specs.
COLLECT_GCC=g++
COLLECT_LTO_WRAPPER=/usr/lib/gcc/x86_64-linux-gnu/7/lto-wrapper
OFFLOAD_TARGET_NAMES=nvptx-none
OFFLOAD_TARGET_DEFAULT=1
Target: x86_64-linux-gnu
Configured with: ../src/configure -v --with-pkgversion='Ubuntu 7.5.0-3ubuntu1~18.04' --with-bugurl=file:///usr/share/doc/gcc-7/README.Bugs --enable-languages=c,ada,c++,go,brig,d,fortran,objc,obj-c++ --prefix=/usr --with-gcc-major-version-only --program-suffix=-7 --program-prefix=x86_64-linux-gnu- --enable-shared --enable-linker-build-id --libexecdir=/usr/lib --without-included-gettext --enable-threads=posix --libdir=/usr/lib --enable-nls --enable-bootstrap --enable-clocale=gnu --enable-libstdcxx-debug --enable-libstdcxx-time=yes --with-default-libstdcxx-abi=new --enable-gnu-unique-object --disable-vtable-verify --enable-libmpx --enable-plugin --enable-default-pie --with-system-zlib --with-target-system-zlib --enable-objc-gc=auto --enable-multiarch --disable-werror --with-arch-32=i686 --with-abi=m64 --with-multilib-list=m32,m64,mx32 --enable-multilib --with-tune=generic --enable-offload-targets=nvptx-none --without-cuda-driver --enable-checking=release --build=x86_64-linux-gnu --host=x86_64-linux-gnu --target=x86_64-linux-gnu
Thread model: posix
gcc version 7.5.0 (Ubuntu 7.5.0-3ubuntu1~18.04) 
configure:1793: $? = 0
configure:1795: g++ -V </dev/null >&5
g++: error: unrecognized command line option '-V'
g++: fatal error: no input files
compilation terminated.
configure:1798: $? = 1
configure:1822: checking for C++ compiler default output
configure:1825: g++    conftest.cc  >&5
configure:1828: $? = 0
configure:1874: result: a.out
configure:1879: checking whether the C++ compiler works
configure:1885: ./a.out
configure:1888: $? = 0
configure:1905: result: yes
configure:1912: checking whether we are cross compiling
configure:1914: result: no
configure:1917: checking for suffix of executables
configure:1919: g++ -o conftest    conftest.cc  >&5
configure:1922: $? = 0
configure:1947: result: 
configure:1953: checking for suffix of object files
configure:1975: g++ -c   conftest.cc >&5
configure:1978: $? = 0
configure:2000: result: o
configure:2004: checking whether we are using the GNU C++ compiler
configure:2029: g++ -c   conftest.cc >&5
configure:2032: $? = 0
configure:2035: test -s conftest.o
configure:2038: $? = 0
configure:2051: result: yes
configure:2057: checking whether g++ accepts -g
configure:2079: g++ -c -g  conftest.cc >&5
configure:2082: $? = 0
configure:2085: test -s conftest.o
configure:2088: $? = 0
configure:2099: result: yes
configure:2143: g++ -c -g -O2  conftest.cc >&5
configure:2146: $? = 0
configure:2149: test -s conftest.o
configure:2152: $? = 0
configure:2179: g++ -c -g -O2  conftest.cc >&5
configure: In function 'int main()':
configure:2176:1: error: 'exit' was not declared in this scope
 }
 ^   
configure:2182: $? = 1
configure: failed program was:
| #line 2162 "configure"
| /* confdefs.h.  */
| 
| #define PACKAGE_NAME "MDPSim"
| #define PACKAGE_TARNAME "mdpsim"
| #define PACKAGE_VERSION "1.23"
| #define PACKAGE_STRING "MDPSim 1.23"
| #define PACKAGE_BUGREPORT "lorens@cs.cmu.edu"
| #define PACKAGE "mdpsim"
| #define VERSION "1.1"
| /* end confdefs.h.  */
| 
| int
| main ()
| {
| exit (42);
|   ;
|   return 0;
| }
configure:2143: g++ -c -g -O2  conftest.cc >&5
configure:2146: $? = 0
configure:2149: test -s conftest.o
configure:2152: $? = 0
configure:2179: g++ -c -g -O2  conftest.cc >&5
configure:2182: $? = 0
configure:2185: test -s conftest.o
configure:2188: $? = 0
configure:2230: checking for style of include used by make
configure:2258: result: GNU
configure:2286: checking dependency style of g++
configure:2348: result: gcc3
configure:2399: checking for gcc
configure:2415: found /usr/bin/gcc
configure:2425: result: gcc
configure:2669: checking for C compiler version
configure:2672: gcc --version </dev/null >&5
gcc (Ubuntu 7.5.0-3ubuntu1~18.04) 7.5.0
Copyright (C) 2017 Free Software Foundation, Inc.
This is free software; see the source for copying conditions.  There is NO
warranty; not even for MERCHANTABILITY or FITNESS FOR A PARTICULAR PURPOSE.

configure:2675: $? = 0
configure:2677: gcc -v </dev/null >&5
Using built-in specs.
COLLECT_GCC=gcc
COLLECT_LTO_WRAPPER=/usr/lib/gcc/x86_64-linux-gnu/7/lto-wrapper
OFFLOAD_TARGET_NAMES=nvptx-none
OFFLOAD_TARGET_DEFAULT=1
Target: x86_64-linux-gnu
Configured with: ../src/configure -v --with-pkgversion='Ubuntu 7.5.0-3ubuntu1~18.04' --with-bugurl=file:///usr/share/doc/gcc-7/README.Bugs --enable-languages=c,ada,c++,go,brig,d,fortran,objc,obj-c++ --prefix=/usr --with-gcc-major-version-only --program-suffix=-7 --program-prefix=x86_64-linux-gnu- --enable-shared --enable-linker-build-id --libexecdir=/usr/lib --without-included-gettext --enable-threads=posix --libdir=/usr/lib --enable-nls --enable-bootstrap --enable-clocale=gnu --enable-libstdcxx-debug --enable-libstdcxx-time=yes --with-default-libstdcxx-abi=new --enable-gnu-unique-object --disable-vtable-verify --enable-libmpx --enable-plugin --enable-default-pie --with-system-zlib --with-target-system-zlib --enable-objc-gc=auto --enable-multiarch --disable-werror --with-arch-32=i686 --with-abi=m64 --with-multilib-list=m32,m64,mx32 --enable-multilib --with-tune=generic --enable-offload-targets=nvptx-none --without-cuda-driver --enable-checking=release --build=x86_64-linux-gnu --host=x86_64-linux-gnu --target=x86_64-linux-gnu
Thread model: posix
gcc version 7.5.0 (Ubuntu 7.5.0-3ubuntu1~18.04) 
configure:2680: $? = 0
configure:2682: gcc -V </dev/null >&5
gcc: error: unrecognized command line option '-V'
gcc: fatal error: no input files
compilation terminated.
configure:2685: $? = 1
configure:2688: checking whether we are using the GNU C compiler
configure:2713: gcc -c   conftest.c >&5
configure:2716: $? = 0
configure:2719: test -s conftest.o
configure:2722: $? = 0
configure:2735: result: yes
configure:2741: checking whether gcc accepts -g
configure:2763: gcc -c -g  conftest.c >&5
configure:2766: $? = 0
configure:2769: test -s conftest.o
configure:2772: $? = 0
configure:2783: result: yes
configure:2800: checking for gcc option to accept ANSI C
configure:2861: gcc  -c -g -O2  conftest.c >&5
configure:2864: $? = 0
configure:2867: test -s conftest.o
configure:2870: $? = 0
configure:2888: result: none needed
configure:2906: gcc -c -g -O2  conftest.c >&5
conftest.c:2:3: error: unknown type name 'choke'
   choke me
   ^~~~~
conftest.c:2:3: error: expected '=', ',', ';', 'asm' or '__attribute__' at end of input
configure:2909: $? = 1
configure: failed program was:
| #ifndef __cplusplus
|   choke me
| #endif
configure:3020: checking dependency style of gcc
configure:3082: result: gcc3
configure:3099: checking for a BSD-compatible install
configure:3153: result: /usr/bin/install -c
configure:3168: checking for gawk
configure:3194: result: gawk
configure:3209: checking for flex
configure:3225: found /usr/bin/flex
configure:3235: result: flex
configure:3248: checking for yywrap in -lfl
configure:3279: gcc -o conftest -g -O2   conftest.c -lfl   >&5
/usr/lib/gcc/x86_64-linux-gnu/7/../../../x86_64-linux-gnu/libfl.so: undefined reference to `yylex'
collect2: error: ld returned 1 exit status
configure:3282: $? = 1
configure: failed program was:
| #line 3255 "configure"
| /* confdefs.h.  */
| 
| #define PACKAGE_NAME "MDPSim"
| #define PACKAGE_TARNAME "mdpsim"
| #define PACKAGE_VERSION "1.23"
| #define PACKAGE_STRING "MDPSim 1.23"
| #define PACKAGE_BUGREPORT "lorens@cs.cmu.edu"
| #define PACKAGE "mdpsim"
| #define VERSION "1.1"
| #ifdef __cplusplus
| #include <stdlib.h>
| #endif
| /* end confdefs.h.  */
| 
| /* Override any gcc2 internal prototype to avoid an error.  */
| #ifdef __cplusplus
| extern "C"
| #endif
| /* We use char because int might match the return type of a gcc2
|    builtin and then its argument prototype would still apply.  */
| char yywrap ();
| int
| main ()
| {
| yywrap ();
|   ;
|   return 0;
| }
configure:3300: result: no
configure:3305: checking for yywrap in -ll
configure:3336: gcc -o conftest -g -O2   conftest.c -ll   >&5
configure:3339: $? = 0
configure:3342: test -s conftest
configure:3345: $? = 0
configure:3357: result: yes
configure:3368: checking lex output file root
configure:3379: flex conftest.l
configure:3382: $? = 0
configure:3394: result: lex.yy
configure:3399: checking whether yytext is a pointer
configure:3415: gcc -o conftest -g -O2   conftest.c  -ll >&5
configure:3418: $? = 0
configure:3421: test -s conftest
configure:3424: $? = 0
configure:3437: result: yes
configure:3455: checking for bison
configure:3471: found /usr/bin/bison
configure:3481: result: bison -y
configure:3503: checking for library containing gettext
configure:3534: g++ -o conftest -g -O2   conftest.cc  >&5
configure:3531:6: warning: declaration of 'char gettext()' conflicts with built-in declaration 'char* gettext(const char*)' [-Wbuiltin-declaration-mismatch]
 }
      ^      
configure:3537: $? = 0
configure:3540: test -s conftest
configure:3543: $? = 0
configure:3602: result: none required
configure:3609: checking for library containing accept
configure:3640: g++ -o conftest -g -O2   conftest.cc  >&5
configure:3643: $? = 0
configure:3646: test -s conftest
configure:3649: $? = 0
configure:3708: result: none required
configure:3715: checking for library containing gethostbyname
configure:3746: g++ -o conftest -g -O2   conftest.cc  >&5
configure:3749: $? = 0
configure:3752: test -s conftest
configure:3755: $? = 0
configure:3814: result: none required
configure:3821: checking for pthread_create in -lpthread
configure:3852: g++ -o conftest -g -O2   conftest.cc -lpthread   >&5
configure:3855: $? = 0
configure:3858: test -s conftest
configure:3861: $? = 0
configure:3873: result: yes
configure:3887: checking how to run the C++ preprocessor
configure:3919: g++ -E  conftest.cc
configure:3925: $? = 0
configure:3957: g++ -E  conftest.cc
configure:3962:10: fatal error: ac_nonexistent.h: No such file or directory
   cat conftest.err >&5
          ^~~~~~~~~~~~~     
compilation terminated.
configure:3963: $? = 1
configure: failed program was:
| #line 3948 "configure"
| /* confdefs.h.  */
| 
| #define PACKAGE_NAME "MDPSim"
| #define PACKAGE_TARNAME "mdpsim"
| #define PACKAGE_VERSION "1.23"
| #define PACKAGE_STRING "MDPSim 1.23"
| #define PACKAGE_BUGREPORT "lorens@cs.cmu.edu"
| #define PACKAGE "mdpsim"
| #define VERSION "1.1"
| #ifdef __cplusplus
| #include <stdlib.h>
| #endif
| #define YYTEXT_POINTER 1
| /* end confdefs.h.  */
| #include <ac_nonexistent.h>
configure:4001: result: g++ -E
configure:4026: g++ -E  conftest.cc
configure:4032: $? = 0
configure:4064: g++ -E  conftest.cc
configure:4069:10: fatal error: ac_nonexistent.h: No such file or directory
   cat conftest.err >&5
          ^~~~~~~~~~~~~     
compilation terminated.
configure:4070: $? = 1
configure: failed program was:
| #line 4055 "configure"
| /* confdefs.h.  */
| 
| #define PACKAGE_NAME "MDPSim"
| #define PACKAGE_TARNAME "mdpsim"
| #define PACKAGE_VERSION "1.23"
| #define PACKAGE_STRING "MDPSim 1.23"
| #define PACKAGE_BUGREPORT "lorens@cs.cmu.edu"
| #define PACKAGE "mdpsim"
| #define VERSION "1.1"
| #ifdef __cplusplus
| #include <stdlib.h>
| #endif
| #define YYTEXT_POINTER 1
| /* end confdefs.h.  */
| #include <ac_nonexistent.h>
configure:4113: checking for egrep
configure:4123: result: grep -E
configure:4128: checking for ANSI C header files
configure:4154: g++ -c -g -O2  conftest.cc >&5
configure:4157: $? = 0
configure:4160: test -s conftest.o
configure:4163: $? = 0
configure:4255: g++ -o conftest -g -O2   conftest.cc  >&5
configure:4258: $? = 0
configure:4260: ./conftest
configure:4263: $? = 0
configure:4278: result: yes
configure:4302: checking for sys/types.h
configure:4319: g++ -c -g -O2  conftest.cc >&5
configure:4322: $? = 0
configure:4325: test -s conftest.o
configure:4328: $? = 0
configure:4339: result: yes
configure:4302: checking for sys/stat.h
configure:4319: g++ -c -g -O2  conftest.cc >&5
configure:4322: $? = 0
configure:4325: test -s conftest.o
configure:4328: $? = 0
configure:4339: result: yes
configure:4302: checking for stdlib.h
configure:4319: g++ -c -g -O2  conftest.cc >&5
configure:4322: $? = 0
configure:4325: test -s conftest.o
configure:4328: $? = 0
configure:4339: result: yes
configure:4302: checking for string.h
configure:4319: g++ -c -g -O2  conftest.cc >&5
configure:4322: $? = 0
configure:4325: test -s conftest.o
configure:4328: $? = 0
configure:4339: result: yes
configure:4302: checking for memory.h
configure:4319: g++ -c -g -O2  conftest.cc >&5
configure:4322: $? = 0
configure:4325: test -s conftest.o
configure:4328: $? = 0
configure:4339: result: yes
configure:4302: checking for strings.h
configure:4319: g++ -c -g -O2  conftest.cc >&5
configure:4322: $? = 0
configure:4325: test -s conftest.o
configure:4328: $? = 0
configure:4339: result: yes
configure:4302: checking for inttypes.h
configure:4319: g++ -c -g -O2  conftest.cc >&5
configure:4322: $? = 0
configure:4325: test -s conftest.o
configure:4328: $? = 0
configure:4339: result: yes
configure:4302: checking for stdint.h
configure:4319: g++ -c -g -O2  conftest.cc >&5
configure:4322: $? = 0
configure:4325: test -s conftest.o
configure:4328: $? = 0
configure:4339: result: yes
configure:4302: checking for unistd.h
configure:4319: g++ -c -g -O2  conftest.cc >&5
configure:4322: $? = 0
configure:4325: test -s conftest.o
configure:4328: $? = 0
configure:4339: result: yes
configure:4376: checking arpa/inet.h usability
configure:4389: g++ -c -g -O2  conftest.cc >&5
configure:4392: $? = 0
configure:4395: test -s conftest.o
configure:4398: $? = 0
configure:4408: result: yes
configure:4412: checking arpa/inet.h presence
configure:4423: g++ -E  conftest.cc
configure:4429: $? = 0
configure:4448: result: yes
configure:4484: checking for arpa/inet.h
configure:4491: result: yes
configure:4376: checking libintl.h usability
configure:4389: g++ -c -g -O2  conftest.cc >&5
configure:4392: $? = 0
configure:4395: test -s conftest.o
configure:4398: $? = 0
configure:4408: result: yes
configure:4412: checking libintl.h presence
configure:4423: g++ -E  conftest.cc
configure:4429: $? = 0
configure:4448: result: yes
configure:4484: checking for libintl.h
configure:4491: result: yes
configure:4376: checking netdb.h usability
configure:4389: g++ -c -g -O2  conftest.cc >&5
configure:4392: $? = 0
configure:4395: test -s conftest.o
configure:4398: $? = 0
configure:4408: result: yes
configure:4412: checking netdb.h presence
configure:4423: g++ -E  conftest.cc
configure:4429: $? = 0
configure:4448: result: yes
configure:4484: checking for netdb.h
configure:4491: result: yes
configure:4376: checking netinet/in.h usability
configure:4389: g++ -c -g -O2  conftest.cc >&5
configure:4392: $? = 0
configure:4395: test -s conftest.o
configure:4398: $? = 0
configure:4408: result: yes
configure:4412: checking netinet/in.h presence
configure:4423: g++ -E  conftest.cc
configure:4429: $? = 0
configure:4448: result: yes
configure:4484: checking for netinet/in.h
configure:4491: result: yes
configure:4376: checking stddef.h usability
configure:4389: g++ -c -g -O2  conftest.cc >&5
configure:4392: $? = 0
configure:4395: test -s conftest.o
configure:4398: $? = 0
configure:4408: result: yes
configure:4412: checking stddef.h presence
configure:4423: g++ -E  conftest.cc
configure:4429: $? = 0
configure:4448: result: yes
configure:4484: checking for stddef.h
configure:4491: result: yes
configure:4367: checking for stdlib.h
configure:4372: result: yes
configure:4367: checking for string.h
configure:4372: result: yes
configure:4367: checking for strings.h
configure:4372: result: yes
configure:4376: checking sys/socket.h usability
configure:4389: g++ -c -g -O2  conftest.cc >&5
configure:4392: $? = 0
configure:4395: test -s conftest.o
configure:4398: $? = 0
configure:4408: result: yes
configure:4412: checking sys/socket.h presence
configure:4423: g++ -E  conftest.cc
configure:4429: $? = 0
configure:4448: result: yes
configure:4484: checking for sys/socket.h
configure:4491: result: yes
configure:4367: checking for unistd.h
configure:4372: result: yes
configure:4376: checking sys/time.h usability
configure:4389: g++ -c -g -O2  conftest.cc >&5
configure:4392: $? = 0
configure:4395: test -s conftest.o
configure:4398: $? = 0
configure:4408: result: yes
configure:4412: checking sys/time.h presence
configure:4423: g++ -E  conftest.cc
configure:4429: $? = 0
configure:4448: result: yes
configure:4484: checking for sys/time.h
configure:4491: result: yes
configure:4376: checking sstream usability
configure:4389: g++ -c -g -O2  conftest.cc >&5
configure:4392: $? = 0
configure:4395: test -s conftest.o
configure:4398: $? = 0
configure:4408: result: yes
configure:4412: checking sstream presence
configure:4423: g++ -E  conftest.cc
configure:4429: $? = 0
configure:4448: result: yes
configure:4484: checking for sstream
configure:4491: result: yes
configure:4506: checking for stdbool.h that conforms to C99
configure:4560: g++ -c -g -O2  conftest.cc >&5
configure:4550:3: error: #error bool is not defined
 
   ^    
configure:4553:3: error: #error false is not defined
 {
   ^    
configure:4559:3: error: #error true is not defined
 rm -f conftest.$ac_objext
   ^~~~~
configure:4563: $? = 1
configure: failed program was:
| #line 4511 "configure"
| /* confdefs.h.  */
| 
| #define PACKAGE_NAME "MDPSim"
| #define PACKAGE_TARNAME "mdpsim"
| #define PACKAGE_VERSION "1.23"
| #define PACKAGE_STRING "MDPSim 1.23"
| #define PACKAGE_BUGREPORT "lorens@cs.cmu.edu"
| #define PACKAGE "mdpsim"
| #define VERSION "1.1"
| #ifdef __cplusplus
| #include <stdlib.h>
| #endif
| #define YYTEXT_POINTER 1
| #define STDC_HEADERS 1
| #define HAVE_SYS_TYPES_H 1
| #define HAVE_SYS_STAT_H 1
| #define HAVE_STDLIB_H 1
| #define HAVE_STRING_H 1
| #define HAVE_MEMORY_H 1
| #define HAVE_STRINGS_H 1
| #define HAVE_INTTYPES_H 1
| #define HAVE_STDINT_H 1
| #define HAVE_UNISTD_H 1
| #define HAVE_ARPA_INET_H 1
| #define HAVE_LIBINTL_H 1
| #define HAVE_NETDB_H 1
| #define HAVE_NETINET_IN_H 1
| #define HAVE_STDDEF_H 1
| #define HAVE_STDLIB_H 1
| #define HAVE_STRING_H 1
| #define HAVE_STRINGS_H 1
| #define HAVE_SYS_SOCKET_H 1
| #define HAVE_UNISTD_H 1
| #define HAVE_SYS_TIME_H 1
| #define HAVE_SSTREAM 1
| /* end confdefs.h.  */
| 
| #include <stdbool.h>
| #ifndef bool
| # error bool is not defined
| #endif
| #ifndef false
| # error false is not defined
| #endif
| #if false
| # error false is not 0
| #endif
| #ifndef true
| # error true is not defined
| #endif
| #if true != 1
| # error true is not 1
| #endif
| #ifndef __bool_true_false_are_defined
| # error __bool_true_false_are_defined is not defined
| #endif
| 
|         struct s { _Bool s: 1; _Bool t; } s;
| 
|         char a[true == 1 ? 1 : -1];
|         char b[false == 0 ? 1 : -1];
|         char c[__bool_true_false_are_defined == 1 ? 1 : -1];
|         char d[(bool) -0.5 == true ? 1 : -1];
|         bool e = &s;
|         char f[(_Bool) -0.0 == false ? 1 : -1];
|         char g[true];
|         char h[sizeof (_Bool)];
|         char i[sizeof s.t];
| 
| int
| main ()
| {
|  return !a + !b + !c + !d + !e + !f + !g + !h + !i;
|   ;
|   return 0;
| }
configure:4580: result: no
configure:4582: checking for _Bool
configure:4607: g++ -c -g -O2  conftest.cc >&5
configure: In function 'int main()':
configure:4660:6: error: '_Bool' was not declared in this scope
 main ()
      ^~   
configure:4660:6: note: suggested alternative: 'bool'
 main ()
      ^~   
      bool
configure:4660:13: error: expected primary-expression before ')' token
 main ()
             ^
configure:4660:15: error: expected ')' before numeric constant
 main ()
               ^
configure:4662:13: error: '_Bool' was not declared in this scope
 /* FIXME: Include the comments suggested by Paul. */
             ^~~~~
configure:4662:13: note: suggested alternative: 'bool'
 /* FIXME: Include the comments suggested by Paul. */
             ^~~~~
             bool
configure:4610: $? = 1
configure: failed program was:
| #line 4587 "configure"
| /* confdefs.h.  */
| 
| #define PACKAGE_NAME "MDPSim"
| #define PACKAGE_TARNAME "mdpsim"
| #define PACKAGE_VERSION "1.23"
| #define PACKAGE_STRING "MDPSim 1.23"
| #define PACKAGE_BUGREPORT "lorens@cs.cmu.edu"
| #define PACKAGE "mdpsim"
| #define VERSION "1.1"
| #ifdef __cplusplus
| #include <stdlib.h>
| #endif
| #define YYTEXT_POINTER 1
| #define STDC_HEADERS 1
| #define HAVE_SYS_TYPES_H 1
| #define HAVE_SYS_STAT_H 1
| #define HAVE_STDLIB_H 1
| #define HAVE_STRING_H 1
| #define HAVE_MEMORY_H 1
| #define HAVE_STRINGS_H 1
| #define HAVE_INTTYPES_H 1
| #define HAVE_STDINT_H 1
| #define HAVE_UNISTD_H 1
| #define HAVE_ARPA_INET_H 1
| #define HAVE_LIBINTL_H 1
| #define HAVE_NETDB_H 1
| #define HAVE_NETINET_IN_H 1
| #define HAVE_STDDEF_H 1
| #define HAVE_STDLIB_H 1
| #define HAVE_STRING_H 1
| #define HAVE_STRINGS_H 1
| #define HAVE_SYS_SOCKET_H 1
| #define HAVE_UNISTD_H 1
| #define HAVE_SYS_TIME_H 1
| #define HAVE_SSTREAM 1
| /* end confdefs.h.  */
| #include <stdio.h>
| #if HAVE_SYS_TYPES_H
| # include <sys/types.h>
| #endif
| #if HAVE_SYS_STAT_H
| # include <sys/stat.h>
| #endif
| #if STDC_HEADERS
| # include <stdlib.h>
| # include <stddef.h>
| #else
| # if HAVE_STDLIB_H
| #  include <stdlib.h>
| # endif
| #endif
| #if HAVE_STRING_H
| # if !STDC_HEADERS && HAVE_MEMORY_H
| #  include <memory.h>
| # endif
| # include <string.h>
| #endif
| #if HAVE_STRINGS_H
| # include <strings.h>
| #endif
| #if HAVE_INTTYPES_H
| # include <inttypes.h>
| #else
| # if HAVE_STDINT_H
| #  include <stdint.h>
| # endif
| #endif
| #if HAVE_UNISTD_H
| # include <unistd.h>
| #endif
| int
| main ()
| {
| if ((_Bool *) 0)
|   return 0;
| if (sizeof (_Bool))
|   return 0;
|   ;
|   return 0;
| }
configure:4627: result: no
configure:4646: checking for an ANSI C-conforming const
configure:4714: g++ -c -g -O2  conftest.cc >&5
configure:4717: $? = 0
configure:4720: test -s conftest.o
configure:4723: $? = 0
configure:4734: result: yes
configure:4744: checking for inline
configure:4766: g++ -c -g -O2  conftest.cc >&5
configure:4769: $? = 0
configure:4772: test -s conftest.o
configure:4775: $? = 0
configure:4787: result: inline
configure:4802: checking for size_t
configure:4827: g++ -c -g -O2  conftest.cc >&5
configure:4830: $? = 0
configure:4833: test -s conftest.o
configure:4836: $? = 0
configure:4847: result: yes
configure:4859: checking for socklen_t
configure:4885: g++ -c -g -O2  conftest.cc >&5
configure:4888: $? = 0
configure:4891: test -s conftest.o
configure:4894: $? = 0
configure:4905: result: yes
configure:4923: checking for stdlib.h
configure:4928: result: yes
configure:5060: checking for GNU libc compatible malloc
configure:5090: g++ -o conftest -g -O2   conftest.cc  >&5
configure:5093: $? = 0
configure:5095: ./conftest
configure:5098: $? = 0
configure:5112: result: yes
configure:5140: checking for stdlib.h
configure:5145: result: yes
configure:5277: checking for GNU libc compatible realloc
configure:5307: g++ -o conftest -g -O2   conftest.cc  >&5
configure:5310: $? = 0
configure:5312: ./conftest
configure:5315: $? = 0
configure:5329: result: yes
configure:5359: checking for gethostbyname
configure:5409: g++ -o conftest -g -O2   conftest.cc  >&5
configure:5412: $? = 0
configure:5415: test -s conftest
configure:5418: $? = 0
configure:5429: result: yes
configure:5359: checking for memset
configure:5409: g++ -o conftest -g -O2   conftest.cc  >&5
configure:5422:6: warning: declaration of 'char memset()' conflicts with built-in declaration 'void* memset(void*, int, long unsigned int)' [-Wbuiltin-declaration-mismatch]
   echo "$as_me: failed program was:" >&5
      ^~~~~~
configure:5412: $? = 0
configure:5415: test -s conftest
configure:5418: $? = 0
configure:5429: result: yes
configure:5359: checking for socket
configure:5409: g++ -o conftest -g -O2   conftest.cc  >&5
configure:5412: $? = 0
configure:5415: test -s conftest
configure:5418: $? = 0
configure:5429: result: yes
configure:5359: checking for strerror
configure:5409: g++ -o conftest -g -O2   conftest.cc  >&5
configure:5412: $? = 0
configure:5415: test -s conftest
configure:5418: $? = 0
configure:5429: result: yes
configure:5443: checking for getopt_long
configure:5493: g++ -o conftest -g -O2   conftest.cc  >&5
configure:5496: $? = 0
configure:5499: test -s conftest
configure:5502: $? = 0
configure:5513: result: yes
configure:5630: creating ./config.status

## ---------------------- ##
## Running config.status. ##
## ---------------------- ##

This file was extended by MDPSim config.status 1.1, which was
generated by GNU Autoconf 2.57.  Invocation command line was

  CONFIG_FILES    = 
  CONFIG_HEADERS  = 
  CONFIG_LINKS    = 
  CONFIG_COMMANDS = 
  $ ./config.status 

on DESKTOP-PDLRGJJ

config.status:658: creating Makefile
config.status:762: creating config.h
config.status:1037: executing depfiles commands

## ---------------- ##
## Cache variables. ##
## ---------------- ##

ac_cv_c_compiler_gnu=yes
ac_cv_c_const=yes
ac_cv_c_inline=inline
ac_cv_cxx_compiler_gnu=yes
ac_cv_env_CC_set=
ac_cv_env_CC_value=
ac_cv_env_CFLAGS_set=
ac_cv_env_CFLAGS_value=
ac_cv_env_CPPFLAGS_set=
ac_cv_env_CPPFLAGS_value=
ac_cv_env_CUDDDIR_set=
ac_cv_env_CUDDDIR_value=
ac_cv_env_CXXCPP_set=
ac_cv_env_CXXCPP_value=
ac_cv_env_CXXFLAGS_set=
ac_cv_env_CXXFLAGS_value=
ac_cv_env_CXX_set=
ac_cv_env_CXX_value=
ac_cv_env_LDFLAGS_set=
ac_cv_env_LDFLAGS_value=
ac_cv_env_build_alias_set=
ac_cv_env_build_alias_value=
ac_cv_env_host_alias_set=
ac_cv_env_host_alias_value=
ac_cv_env_target_alias_set=
ac_cv_env_target_alias_value=
ac_cv_exeext=
ac_cv_func_gethostbyname=yes
ac_cv_func_getopt_long=yes
ac_cv_func_malloc_0_nonnull=yes
ac_cv_func_memset=yes
ac_cv_func_realloc_0_nonnull=yes
ac_cv_func_socket=yes
ac_cv_func_strerror=yes
ac_cv_header_arpa_inet_h=yes
ac_cv_header_inttypes_h=yes
ac_cv_header_libintl_h=yes
ac_cv_header_memory_h=yes
ac_cv_header_netdb_h=yes
ac_cv_header_netinet_in_h=yes
ac_cv_header_sstream=yes
ac_cv_header_stdbool_h=no
ac_cv_header_stdc=yes
ac_cv_header_stddef_h=yes
ac_cv_header_stdint_h=yes
ac_cv_header_stdlib_h=yes
ac_cv_header_string_h=yes
ac_cv_header_strings_h=yes
ac_cv_header_sys_socket_h=yes
ac_cv_header_sys_stat_h=yes
ac_cv_header_sys_time_h=yes
ac_cv_header_sys_types_h=yes
ac_cv_header_unistd_h=yes
ac_cv_lib_fl_yywrap=no
ac_cv_lib_l_yywrap=yes
ac_cv_lib_pthread_pthread_create=yes
ac_cv_objext=o
ac_cv_path_install='/usr/bin/install -c'
ac_cv_prog_AWK=gawk
ac_cv_prog_CXXCPP='g++ -E'
ac_cv_prog_LEX=flex
ac_cv_prog_YACC='bison -y'
ac_cv_prog_ac_ct_CC=gcc
ac_cv_prog_ac_ct_CXX=g++
ac_cv_prog_cc_g=yes
ac_cv_prog_cc_stdc=
ac_cv_prog_cxx_g=yes
ac_cv_prog_egrep='grep -E'
ac_cv_prog_lex_root=lex.yy
ac_cv_prog_lex_yytext_pointer=yes
ac_cv_prog_make_make_set=yes
ac_cv_search_accept='none required'
ac_cv_search_gethostbyname='none required'
ac_cv_search_gettext='none required'
ac_cv_type__Bool=no
ac_cv_type_size_t=yes
ac_cv_type_socklen_t=yes
am_cv_CC_dependencies_compiler_type=gcc3
am_cv_CXX_dependencies_compiler_type=gcc3

## ----------------- ##
## Output variables. ##
## ----------------- ##

ACLOCAL='${SHELL} /mnt/c/Users/steve/PycharmProjects/skills-to-symbols/s2s/planner/mdpsim-1.23/missing --run aclocal-1.6'
AMDEPBACKSLASH='\'
AMDEP_FALSE='#'
AMDEP_TRUE=''
AMTAR='${SHELL} /mnt/c/Users/steve/PycharmProjects/skills-to-symbols/s2s/planner/mdpsim-1.23/missing --run tar'
AUTOCONF='${SHELL} /mnt/c/Users/steve/PycharmProjects/skills-to-symbols/s2s/planner/mdpsim-1.23/missing --run autoconf'
AUTOHEADER='${SHELL} /mnt/c/Users/steve/PycharmProjects/skills-to-symbols/s2s/planner/mdpsim-1.23/missing --run autoheader'
AUTOMAKE='${SHELL} /mnt/c/Users/steve/PycharmProjects/skills-to-symbols/s2s/planner/mdpsim-1.23/missing --run automake-1.6'
AWK='gawk'
CC='gcc'
CCDEPMODE='depmode=gcc3'
CFLAGS='-g -O2'
CPPFLAGS=''
CUDDDIR='./cudd'
CXX='g++'
CXXCPP='g++ -E'
CXXDEPMODE='depmode=gcc3'
CXXFLAGS='-g -O2'
DEFS='-DHAVE_CONFIG_H'
DEPDIR='.deps'
ECHO_C=''
ECHO_N='-n'
ECHO_T=''
EGREP='grep -E'
EXEEXT=''
INSTALL_DATA='${INSTALL} -m 644'
INSTALL_PROGRAM='${INSTALL}'
INSTALL_SCRIPT='${INSTALL}'
INSTALL_STRIP_PROGRAM='${SHELL} $(install_sh) -c -s'
LDFLAGS=''
LEX='flex'
LEXLIB='-ll'
LEX_OUTPUT_ROOT='lex.yy'
LIBOBJS=''
LIBS=''
LTLIBOBJS=''
MAKEINFO='${SHELL} /mnt/c/Users/steve/PycharmProjects/skills-to-symbols/s2s/planner/mdpsim-1.23/missing --run makeinfo'
OBJEXT='o'
PACKAGE='mdpsim'
PACKAGE_BUGREPORT='lorens@cs.cmu.edu'
PACKAGE_NAME='MDPSim'
PACKAGE_STRING='MDPSim 1.23'
PACKAGE_TARNAME='mdpsim'
PACKAGE_VERSION='1.23'
PATH_SEPARATOR=':'
PTHREADLIB='-lpthread'
SET_MAKE=''
SHELL='/bin/bash'
STRIP=''
VERSION='1.1'
YACC='bison -y'
ac_ct_CC='gcc'
ac_ct_CXX='g++'
ac_ct_STRIP=''
am__include='include'
am__quote=''
bindir='${exec_prefix}/bin'
build_alias=''
datadir='${prefix}/share'
exec_prefix='${prefix}'
host_alias=''
includedir='${prefix}/include'
infodir='${prefix}/info'
install_sh='/mnt/c/Users/steve/PycharmProjects/skills-to-symbols/s2s/planner/mdpsim-1.23/install-sh'
libdir='${exec_prefix}/lib'
libexecdir='${exec_prefix}/libexec'
localstatedir='${prefix}/var'
mandir='${prefix}/man'
oldincludedir='/usr/include'
prefix='/usr/local'
program_transform_name='s,x,x,'
sbindir='${exec_prefix}/sbin'
sharedstatedir='${prefix}/com'
sysconfdir='${prefix}/etc'
target_alias=''

## ----------- ##
## confdefs.h. ##
## ----------- ##

#define HAVE_ARPA_INET_H 1
#define HAVE_GETHOSTBYNAME 1
#define HAVE_GETOPT_LONG 1
#define HAVE_INTTYPES_H 1
#define HAVE_LIBINTL_H 1
#define HAVE_MALLOC 1
#define HAVE_MEMORY_H 1
#define HAVE_MEMSET 1
#define HAVE_NETDB_H 1
#define HAVE_NETINET_IN_H 1
#define HAVE_REALLOC 1
#define HAVE_SOCKET 1
#define HAVE_SOCKLEN_T 1
#define HAVE_SSTREAM 1
#define HAVE_STDDEF_H 1
#define HAVE_STDINT_H 1
#define HAVE_STDLIB_H 1
#define HAVE_STDLIB_H 1
#define HAVE_STDLIB_H 1
#define HAVE_STDLIB_H 1
#define HAVE_STRERROR 1
#define HAVE_STRINGS_H 1
#define HAVE_STRINGS_H 1
#define HAVE_STRING_H 1
#define HAVE_STRING_H 1
#define HAVE_SYS_SOCKET_H 1
#define HAVE_SYS_STAT_H 1
#define HAVE_SYS_TIME_H 1
#define HAVE_SYS_TYPES_H 1
#define HAVE_UNISTD_H 1
#define HAVE_UNISTD_H 1
#define PACKAGE "mdpsim"
#define PACKAGE_BUGREPORT "lorens@cs.cmu.edu"
#define PACKAGE_NAME "MDPSim"
#define PACKAGE_STRING "MDPSim 1.23"
#define PACKAGE_TARNAME "mdpsim"
#define PACKAGE_VERSION "1.23"
#define STDC_HEADERS 1
#define VERSION "1.1"
#define YYTEXT_POINTER 1
#endif
#ifdef __cplusplus
#include <stdlib.h>

configure: exit 0
